<?xml version="1.0" encoding="UTF-8"?>
<!-- Generated by org.testng.reporters.JUnitXMLReporter -->
<testsuite hostname="DESKTOP-38IUH1H" ignored="3" name="Test" tests="2" failures="0" timestamp="2021-05-21T11:30:45 IST" time="0.083" errors="0">
  <testcase name="createLead" time="0.011" classname="leads.CreateLeadsTest"/>
  <testcase name="createContact" time="0.003" classname="contacts.CreateContactsTest"/>
  <testcase name="modifyContact" time="0.0" classname="contacts.ModifyContactsTest">
    <ignored/>
  </testcase> <!-- modifyContact -->
  <testcase name="sample" time="0.0" classname="contacts.DemoTest">
    <ignored/>
  </testcase> <!-- sample -->
  <testcase name="modifyLead" time="0.0" classname="leads.ModifyLeadsTest">
    <ignored/>
  </testcase> <!-- modifyLead -->
</testsuite> <!-- Test -->
